[20:04:07] [Server thread/INFO]: Starting minecraft server version 1.12.2
[20:04:19] [Server thread/INFO]: Loading properties
[20:04:19] [Server thread/INFO]: Default game type: SURVIVAL
[20:04:19] [Server thread/INFO]: Generating keypair
[20:04:19] [Server thread/INFO]: Starting Minecraft server on *:25565
[20:04:19] [Server thread/INFO]: Using epoll channel type
[20:04:19] [Server thread/WARN]: **** SERVER IS RUNNING IN OFFLINE/INSECURE MODE!
[20:04:19] [Server thread/WARN]: The server will make no attempt to authenticate usernames. Beware.
[20:04:19] [Server thread/WARN]: While this makes the game possible to play without internet access, it also opens up the ability for hackers to connect with any username they choose.
[20:04:19] [Server thread/WARN]: To change this, set "online-mode" to "true" in the server.properties file.
[20:04:24] [Server thread/INFO]: Preparing level "world"
[20:04:24] [Server thread/ERROR]: Parsing error loading built-in advancement minecraft:recipes/food/pumpkin_pie
com.google.gson.JsonSyntaxException: Unknown recipe 'minecraft:pumpkin_pie'
	at net.minecraft.advancements.AdvancementRewards$Deserializer.deserialize(AdvancementRewards.java:171) ~[l$a.class:?]
	at net.minecraft.advancements.AdvancementRewards$Deserializer.deserialize(AdvancementRewards.java:147) ~[l$a.class:?]
	at com.google.gson.internal.bind.TreeTypeAdapter.read(TreeTypeAdapter.java:69) ~[TreeTypeAdapter.class:?]
	at com.google.gson.Gson.fromJson(Gson.java:887) ~[Gson.class:?]
	at com.google.gson.Gson.fromJson(Gson.java:952) ~[Gson.class:?]
	at com.google.gson.internal.bind.TreeTypeAdapter$GsonContextImpl.deserialize(TreeTypeAdapter.java:162) ~[TreeTypeAdapter$GsonContextImpl.class:?]
	at net.minecraft.util.JsonUtils.func_188179_a(SourceFile:439) ~[rc.class:?]
	at net.minecraft.util.JsonUtils.func_188177_a(SourceFile:455) ~[rc.class:?]
	at net.minecraft.advancements.Advancement$Builder.func_192059_a(SourceFile:203) ~[i$a.class:?]
	at net.minecraft.advancements.AdvancementManager$1.deserialize(AdvancementManager.java:50) ~[ns$1.class:?]
	at net.minecraft.advancements.AdvancementManager$1.deserialize(AdvancementManager.java:46) ~[ns$1.class:?]
	at com.google.gson.internal.bind.TreeTypeAdapter.read(TreeTypeAdapter.java:69) ~[TreeTypeAdapter.class:?]
	at net.minecraft.util.JsonUtils.func_188173_a(SourceFile:492) ~[rc.class:?]
	at net.minecraft.util.JsonUtils.func_193839_a(SourceFile:532) ~[rc.class:?]
	at net.minecraft.advancements.AdvancementManager.func_192777_a(AdvancementManager.java:184) [ns.class:?]
	at net.minecraft.advancements.AdvancementManager.func_192779_a(AdvancementManager.java:68) [ns.class:?]
	at net.minecraft.advancements.AdvancementManager.<init>(AdvancementManager.java:60) [ns.class:?]
	at net.minecraft.world.WorldServer.func_175643_b(WorldServer.java:156) [oo.class:?]
	at net.minecraft.server.MinecraftServer.func_71247_a(MinecraftServer.java:298) [MinecraftServer.class:?]
	at net.minecraft.server.dedicated.DedicatedServer.func_71197_b(DedicatedServer.java:270) [nz.class:?]
	at net.minecraft.server.MinecraftServer.run(MinecraftServer.java:484) [MinecraftServer.class:?]
	at java.lang.Thread.run(Thread.java:748) [?:1.8.0_144]
[20:04:24] [Server thread/ERROR]: Parsing error loading built-in advancement minecraft:recipes/food/mushroom_stew
com.google.gson.JsonSyntaxException: Unknown recipe 'minecraft:mushroom_stew'
	at net.minecraft.advancements.AdvancementRewards$Deserializer.deserialize(AdvancementRewards.java:171) ~[l$a.class:?]
	at net.minecraft.advancements.AdvancementRewards$Deserializer.deserialize(AdvancementRewards.java:147) ~[l$a.class:?]
	at com.google.gson.internal.bind.TreeTypeAdapter.read(TreeTypeAdapter.java:69) ~[TreeTypeAdapter.class:?]
	at com.google.gson.Gson.fromJson(Gson.java:887) ~[Gson.class:?]
	at com.google.gson.Gson.fromJson(Gson.java:952) ~[Gson.class:?]
	at com.google.gson.internal.bind.TreeTypeAdapter$GsonContextImpl.deserialize(TreeTypeAdapter.java:162) ~[TreeTypeAdapter$GsonContextImpl.class:?]
	at net.minecraft.util.JsonUtils.func_188179_a(SourceFile:439) ~[rc.class:?]
	at net.minecraft.util.JsonUtils.func_188177_a(SourceFile:455) ~[rc.class:?]
	at net.minecraft.advancements.Advancement$Builder.func_192059_a(SourceFile:203) ~[i$a.class:?]
	at net.minecraft.advancements.AdvancementManager$1.deserialize(AdvancementManager.java:50) ~[ns$1.class:?]
	at net.minecraft.advancements.AdvancementManager$1.deserialize(AdvancementManager.java:46) ~[ns$1.class:?]
	at com.google.gson.internal.bind.TreeTypeAdapter.read(TreeTypeAdapter.java:69) ~[TreeTypeAdapter.class:?]
	at net.minecraft.util.JsonUtils.func_188173_a(SourceFile:492) ~[rc.class:?]
	at net.minecraft.util.JsonUtils.func_193839_a(SourceFile:532) ~[rc.class:?]
	at net.minecraft.advancements.AdvancementManager.func_192777_a(AdvancementManager.java:184) [ns.class:?]
	at net.minecraft.advancements.AdvancementManager.func_192779_a(AdvancementManager.java:68) [ns.class:?]
	at net.minecraft.advancements.AdvancementManager.<init>(AdvancementManager.java:60) [ns.class:?]
	at net.minecraft.world.WorldServer.func_175643_b(WorldServer.java:156) [oo.class:?]
	at net.minecraft.server.MinecraftServer.func_71247_a(MinecraftServer.java:298) [MinecraftServer.class:?]
	at net.minecraft.server.dedicated.DedicatedServer.func_71197_b(DedicatedServer.java:270) [nz.class:?]
	at net.minecraft.server.MinecraftServer.run(MinecraftServer.java:484) [MinecraftServer.class:?]
	at java.lang.Thread.run(Thread.java:748) [?:1.8.0_144]
[20:04:24] [Server thread/ERROR]: Parsing error loading built-in advancement minecraft:recipes/food/cookie
com.google.gson.JsonSyntaxException: Unknown recipe 'minecraft:cookie'
	at net.minecraft.advancements.AdvancementRewards$Deserializer.deserialize(AdvancementRewards.java:171) ~[l$a.class:?]
	at net.minecraft.advancements.AdvancementRewards$Deserializer.deserialize(AdvancementRewards.java:147) ~[l$a.class:?]
	at com.google.gson.internal.bind.TreeTypeAdapter.read(TreeTypeAdapter.java:69) ~[TreeTypeAdapter.class:?]
	at com.google.gson.Gson.fromJson(Gson.java:887) ~[Gson.class:?]
	at com.google.gson.Gson.fromJson(Gson.java:952) ~[Gson.class:?]
	at com.google.gson.internal.bind.TreeTypeAdapter$GsonContextImpl.deserialize(TreeTypeAdapter.java:162) ~[TreeTypeAdapter$GsonContextImpl.class:?]
	at net.minecraft.util.JsonUtils.func_188179_a(SourceFile:439) ~[rc.class:?]
	at net.minecraft.util.JsonUtils.func_188177_a(SourceFile:455) ~[rc.class:?]
	at net.minecraft.advancements.Advancement$Builder.func_192059_a(SourceFile:203) ~[i$a.class:?]
	at net.minecraft.advancements.AdvancementManager$1.deserialize(AdvancementManager.java:50) ~[ns$1.class:?]
	at net.minecraft.advancements.AdvancementManager$1.deserialize(AdvancementManager.java:46) ~[ns$1.class:?]
	at com.google.gson.internal.bind.TreeTypeAdapter.read(TreeTypeAdapter.java:69) ~[TreeTypeAdapter.class:?]
	at net.minecraft.util.JsonUtils.func_188173_a(SourceFile:492) ~[rc.class:?]
	at net.minecraft.util.JsonUtils.func_193839_a(SourceFile:532) ~[rc.class:?]
	at net.minecraft.advancements.AdvancementManager.func_192777_a(AdvancementManager.java:184) [ns.class:?]
	at net.minecraft.advancements.AdvancementManager.func_192779_a(AdvancementManager.java:68) [ns.class:?]
	at net.minecraft.advancements.AdvancementManager.<init>(AdvancementManager.java:60) [ns.class:?]
	at net.minecraft.world.WorldServer.func_175643_b(WorldServer.java:156) [oo.class:?]
	at net.minecraft.server.MinecraftServer.func_71247_a(MinecraftServer.java:298) [MinecraftServer.class:?]
	at net.minecraft.server.dedicated.DedicatedServer.func_71197_b(DedicatedServer.java:270) [nz.class:?]
	at net.minecraft.server.MinecraftServer.run(MinecraftServer.java:484) [MinecraftServer.class:?]
	at java.lang.Thread.run(Thread.java:748) [?:1.8.0_144]
[20:04:24] [Server thread/ERROR]: Parsing error loading built-in advancement minecraft:recipes/food/bread
com.google.gson.JsonSyntaxException: Unknown recipe 'minecraft:bread'
	at net.minecraft.advancements.AdvancementRewards$Deserializer.deserialize(AdvancementRewards.java:171) ~[l$a.class:?]
	at net.minecraft.advancements.AdvancementRewards$Deserializer.deserialize(AdvancementRewards.java:147) ~[l$a.class:?]
	at com.google.gson.internal.bind.TreeTypeAdapter.read(TreeTypeAdapter.java:69) ~[TreeTypeAdapter.class:?]
	at com.google.gson.Gson.fromJson(Gson.java:887) ~[Gson.class:?]
	at com.google.gson.Gson.fromJson(Gson.java:952) ~[Gson.class:?]
	at com.google.gson.internal.bind.TreeTypeAdapter$GsonContextImpl.deserialize(TreeTypeAdapter.java:162) ~[TreeTypeAdapter$GsonContextImpl.class:?]
	at net.minecraft.util.JsonUtils.func_188179_a(SourceFile:439) ~[rc.class:?]
	at net.minecraft.util.JsonUtils.func_188177_a(SourceFile:455) ~[rc.class:?]
	at net.minecraft.advancements.Advancement$Builder.func_192059_a(SourceFile:203) ~[i$a.class:?]
	at net.minecraft.advancements.AdvancementManager$1.deserialize(AdvancementManager.java:50) ~[ns$1.class:?]
	at net.minecraft.advancements.AdvancementManager$1.deserialize(AdvancementManager.java:46) ~[ns$1.class:?]
	at com.google.gson.internal.bind.TreeTypeAdapter.read(TreeTypeAdapter.java:69) ~[TreeTypeAdapter.class:?]
	at net.minecraft.util.JsonUtils.func_188173_a(SourceFile:492) ~[rc.class:?]
	at net.minecraft.util.JsonUtils.func_193839_a(SourceFile:532) ~[rc.class:?]
	at net.minecraft.advancements.AdvancementManager.func_192777_a(AdvancementManager.java:184) [ns.class:?]
	at net.minecraft.advancements.AdvancementManager.func_192779_a(AdvancementManager.java:68) [ns.class:?]
	at net.minecraft.advancements.AdvancementManager.<init>(AdvancementManager.java:60) [ns.class:?]
	at net.minecraft.world.WorldServer.func_175643_b(WorldServer.java:156) [oo.class:?]
	at net.minecraft.server.MinecraftServer.func_71247_a(MinecraftServer.java:298) [MinecraftServer.class:?]
	at net.minecraft.server.dedicated.DedicatedServer.func_71197_b(DedicatedServer.java:270) [nz.class:?]
	at net.minecraft.server.MinecraftServer.run(MinecraftServer.java:484) [MinecraftServer.class:?]
	at java.lang.Thread.run(Thread.java:748) [?:1.8.0_144]
[20:04:24] [Server thread/ERROR]: Parsing error loading built-in advancement minecraft:recipes/food/beetroot_soup
com.google.gson.JsonSyntaxException: Unknown recipe 'minecraft:beetroot_soup'
	at net.minecraft.advancements.AdvancementRewards$Deserializer.deserialize(AdvancementRewards.java:171) ~[l$a.class:?]
	at net.minecraft.advancements.AdvancementRewards$Deserializer.deserialize(AdvancementRewards.java:147) ~[l$a.class:?]
	at com.google.gson.internal.bind.TreeTypeAdapter.read(TreeTypeAdapter.java:69) ~[TreeTypeAdapter.class:?]
	at com.google.gson.Gson.fromJson(Gson.java:887) ~[Gson.class:?]
	at com.google.gson.Gson.fromJson(Gson.java:952) ~[Gson.class:?]
	at com.google.gson.internal.bind.TreeTypeAdapter$GsonContextImpl.deserialize(TreeTypeAdapter.java:162) ~[TreeTypeAdapter$GsonContextImpl.class:?]
	at net.minecraft.util.JsonUtils.func_188179_a(SourceFile:439) ~[rc.class:?]
	at net.minecraft.util.JsonUtils.func_188177_a(SourceFile:455) ~[rc.class:?]
	at net.minecraft.advancements.Advancement$Builder.func_192059_a(SourceFile:203) ~[i$a.class:?]
	at net.minecraft.advancements.AdvancementManager$1.deserialize(AdvancementManager.java:50) ~[ns$1.class:?]
	at net.minecraft.advancements.AdvancementManager$1.deserialize(AdvancementManager.java:46) ~[ns$1.class:?]
	at com.google.gson.internal.bind.TreeTypeAdapter.read(TreeTypeAdapter.java:69) ~[TreeTypeAdapter.class:?]
	at net.minecraft.util.JsonUtils.func_188173_a(SourceFile:492) ~[rc.class:?]
	at net.minecraft.util.JsonUtils.func_193839_a(SourceFile:532) ~[rc.class:?]
	at net.minecraft.advancements.AdvancementManager.func_192777_a(AdvancementManager.java:184) [ns.class:?]
	at net.minecraft.advancements.AdvancementManager.func_192779_a(AdvancementManager.java:68) [ns.class:?]
	at net.minecraft.advancements.AdvancementManager.<init>(AdvancementManager.java:60) [ns.class:?]
	at net.minecraft.world.WorldServer.func_175643_b(WorldServer.java:156) [oo.class:?]
	at net.minecraft.server.MinecraftServer.func_71247_a(MinecraftServer.java:298) [MinecraftServer.class:?]
	at net.minecraft.server.dedicated.DedicatedServer.func_71197_b(DedicatedServer.java:270) [nz.class:?]
	at net.minecraft.server.MinecraftServer.run(MinecraftServer.java:484) [MinecraftServer.class:?]
	at java.lang.Thread.run(Thread.java:748) [?:1.8.0_144]
[20:04:24] [Server thread/INFO]: Loaded 721 advancements
[20:04:25] [Server thread/INFO]: Preparing start region for level 0
[20:04:27] [Server thread/INFO]: Preparing spawn area: 4%
[20:04:28] [Server thread/INFO]: Preparing spawn area: 5%
[20:04:29] [Server thread/INFO]: Preparing spawn area: 7%
[20:04:30] [Server thread/INFO]: Preparing spawn area: 10%
[20:04:31] [Server thread/INFO]: Preparing spawn area: 13%
[20:04:32] [Server thread/INFO]: Preparing spawn area: 15%
[20:04:33] [Server thread/INFO]: Preparing spawn area: 18%
[20:04:34] [Server thread/INFO]: Preparing spawn area: 22%
[20:04:35] [Server thread/INFO]: Preparing spawn area: 24%
[20:04:36] [Server thread/INFO]: Preparing spawn area: 28%
[20:04:37] [Server thread/INFO]: Preparing spawn area: 31%
[20:04:38] [Server thread/INFO]: Preparing spawn area: 34%
[20:04:39] [Server thread/INFO]: Preparing spawn area: 38%
[20:04:40] [Server thread/INFO]: Preparing spawn area: 41%
[20:04:41] [Server thread/INFO]: Preparing spawn area: 44%
[20:04:42] [Server thread/INFO]: Preparing spawn area: 46%
[20:04:44] [Server thread/INFO]: Preparing spawn area: 48%
[20:04:45] [Server thread/INFO]: Preparing spawn area: 51%
[20:04:46] [Server thread/INFO]: Preparing spawn area: 54%
[20:04:47] [Server thread/INFO]: Preparing spawn area: 57%
[20:04:48] [Server thread/INFO]: Preparing spawn area: 60%
[20:04:49] [Server thread/INFO]: Preparing spawn area: 63%
[20:04:50] [Server thread/INFO]: Preparing spawn area: 67%
[20:04:51] [Server thread/INFO]: Preparing spawn area: 70%
[20:04:52] [Server thread/INFO]: Preparing spawn area: 73%
[20:04:53] [Server thread/INFO]: Preparing spawn area: 76%
[20:04:58] [Server thread/INFO]: Preparing spawn area: 77%
[20:04:59] [Server thread/INFO]: Preparing spawn area: 82%
[20:05:00] [Server thread/INFO]: Preparing spawn area: 87%
[20:05:01] [Server thread/INFO]: Preparing spawn area: 92%
[20:05:02] [Server thread/INFO]: Preparing spawn area: 96%
[20:05:03] [Server thread/INFO]: Done (38.839s)! For help, type "help" or "?"
[20:05:18] [Server thread/INFO]: kev-kun[/96.237.64.249:21339] logged in with entity id 2418 at (244.5, 71.0, 254.5)
[20:05:18] [Server thread/INFO]: kev-kun joined the game
[20:05:48] [Server thread/INFO]: [kev-kun: Set own game mode to Creative Mode]
[20:06:01] [Server thread/WARN]: Can't keep up! Did the system time change, or is the server overloaded? Running 2311ms behind, skipping 46 tick(s)
[20:11:43] [Server thread/INFO]: [kev-kun: Set the world spawn point to (364, 71, 217)]
[20:13:20] [Server thread/WARN]: kev-kun moved too quickly! 7.741566747917659,6.37500025331974,3.2131824950550083
[20:13:20] [Server thread/WARN]: Can't keep up! Did the system time change, or is the server overloaded? Running 2609ms behind, skipping 52 tick(s)
[20:16:38] [Server thread/WARN]: Can't keep up! Did the system time change, or is the server overloaded? Running 3519ms behind, skipping 70 tick(s)
[20:16:59] [Server thread/INFO]: [kev-kun: Teleported kev-kun to -3239.5, 101.99433263017377, -9735.5]
[20:17:06] [Server thread/WARN]: Can't keep up! Did the system time change, or is the server overloaded? Running 5119ms behind, skipping 102 tick(s)
[20:17:13] [Server thread/INFO]: [kev-kun: Set the time to 600]
[20:17:22] [Server thread/WARN]: Can't keep up! Did the system time change, or is the server overloaded? Running 3774ms behind, skipping 75 tick(s)
[20:19:13] [Server thread/INFO]: [kev-kun: Teleported kev-kun to -3383.5, 75.08671412710491, -9991.5]
[20:19:16] [Server thread/WARN]: Can't keep up! Did the system time change, or is the server overloaded? Running 3122ms behind, skipping 62 tick(s)
[20:19:25] [Server thread/WARN]: Skipping Entity with id minecraft:armorstand
[20:19:26] [Server thread/WARN]: Skipping Entity with id minecraft:armorstand
[20:19:26] [Server thread/WARN]: Skipping Entity with id minecraft:armorstand
[20:19:33] [Server thread/WARN]: Can't keep up! Did the system time change, or is the server overloaded? Running 4099ms behind, skipping 81 tick(s)
[20:22:26] [Server thread/WARN]: Can't keep up! Did the system time change, or is the server overloaded? Running 3703ms behind, skipping 74 tick(s)
[20:22:29] [Server thread/WARN]: kev-kun moved too quickly! 0.9533201117401404,0.0,-10.504550117584586
[20:22:39] [Server thread/WARN]: kev-kun moved too quickly! 3.88842093459607,0.0,-9.874055562922877
[20:22:47] [Server thread/WARN]: Can't keep up! Did the system time change, or is the server overloaded? Running 4135ms behind, skipping 82 tick(s)
[20:26:39] [Server thread/WARN]: kev-kun moved too quickly! 0.7104517118582407,10.124988062808768,0.08360687307322223
[20:26:40] [Server thread/WARN]: Can't keep up! Did the system time change, or is the server overloaded? Running 5266ms behind, skipping 105 tick(s)
[20:27:00] [Server thread/INFO]: [kev-kun: Teleported kev-kun to -4311.5, 124.96444935413567, -9894.5]
[20:27:04] [Server thread/WARN]: Can't keep up! Did the system time change, or is the server overloaded? Running 2829ms behind, skipping 56 tick(s)
[20:27:42] [Server thread/INFO]: [kev-kun: Set the time to 600]
[20:28:26] [Server thread/INFO]: [kev-kun: Given 500 experience to kev-kun]
[20:29:08] [Server thread/INFO]: kev-kun lost connection: Disconnected
[20:29:08] [Server thread/INFO]: kev-kun left the game
[20:29:14] [Server thread/INFO]: kev-kun[/96.237.64.249:22124] logged in with entity id 108562 at (-4317.2811718075955, 68.0, -9865.079892874444)
[20:29:14] [Server thread/INFO]: kev-kun joined the game
[20:29:57] [Server thread/WARN]: kev-kun moved too quickly! 8.75524110553306,0.0,6.424234539936151
[20:29:58] [Server thread/WARN]: Can't keep up! Did the system time change, or is the server overloaded? Running 23072ms behind, skipping 461 tick(s)
[20:31:14] [Server thread/INFO]: kev-kun lost connection: Disconnected
[20:31:14] [Server thread/INFO]: kev-kun left the game
[20:32:03] [Server thread/INFO]: kev-kun[/96.237.64.249:22250] logged in with entity id 112178 at (-4355.8039010513085, 91.0, -9896.257620809925)
[20:32:03] [Server thread/INFO]: kev-kun joined the game
[20:37:10] [Server thread/INFO]: [kev-kun: Teleported kev-kun to -3271.5, 95.72924288394665, -10631.5]
[20:37:15] [Server thread/WARN]: Can't keep up! Did the system time change, or is the server overloaded? Running 2704ms behind, skipping 54 tick(s)
[20:37:36] [Server thread/WARN]: Can't keep up! Did the system time change, or is the server overloaded? Running 6389ms behind, skipping 127 tick(s)
[20:38:21] [Server thread/INFO]: [kev-kun: Teleported kev-kun to -3284.361110312454, 88.57433218805626, -11543.5]
[20:38:29] [Server thread/WARN]: Can't keep up! Did the system time change, or is the server overloaded? Running 3071ms behind, skipping 61 tick(s)
[20:38:37] [Server thread/WARN]: Skipping BlockEntity with id doorTileEntity
[20:38:37] [Server thread/WARN]: Skipping BlockEntity with id doorTileEntity
[20:38:37] [Server thread/WARN]: Ignoring unknown attribute 'am2.burnoutReduction'
[20:38:37] [Server thread/WARN]: Ignoring unknown attribute 'am2.manaRegenModifier'
[20:38:37] [Server thread/WARN]: Ignoring unknown attribute 'am2.maxBurnoutBonus'
[20:38:37] [Server thread/WARN]: Ignoring unknown attribute 'am2.maxManaBonus'
[20:38:37] [Server thread/WARN]: Ignoring unknown attribute 'am2.xpMultiplier'
[20:38:37] [Server thread/WARN]: Ignoring unknown attribute 'cyberware.tolerance'
[20:38:37] [Server thread/WARN]: Ignoring unknown attribute 'am2.burnoutReduction'
[20:38:37] [Server thread/WARN]: Ignoring unknown attribute 'am2.manaRegenModifier'
[20:38:37] [Server thread/WARN]: Ignoring unknown attribute 'am2.maxBurnoutBonus'
[20:38:37] [Server thread/WARN]: Ignoring unknown attribute 'am2.maxManaBonus'
[20:38:37] [Server thread/WARN]: Ignoring unknown attribute 'am2.xpMultiplier'
[20:38:37] [Server thread/WARN]: Ignoring unknown attribute 'cyberware.tolerance'
[20:38:37] [Server thread/WARN]: Skipping BlockEntity with id doorTileEntity
[20:39:09] [Server thread/INFO]: [kev-kun: Set the time to 600]
[20:39:46] [Server thread/WARN]: Skipping Entity with id minecraft:pixelmon.trainer
[20:39:50] [Server thread/WARN]: Can't keep up! Did the system time change, or is the server overloaded? Running 3126ms behind, skipping 62 tick(s)
[20:40:07] [Server thread/WARN]: kev-kun moved too quickly! -9.139167441355312,0.0,4.5148327081114985
[20:40:09] [Server thread/WARN]: Can't keep up! Did the system time change, or is the server overloaded? Running 5823ms behind, skipping 116 tick(s)
[20:40:18] [Server thread/INFO]: [kev-kun: Teleported kev-kun to -4087.5, 175.45013314248058, -11623.5]
[20:40:22] [Server thread/WARN]: Can't keep up! Did the system time change, or is the server overloaded? Running 3631ms behind, skipping 72 tick(s)
[20:40:48] [Server thread/WARN]: Can't keep up! Did the system time change, or is the server overloaded? Running 7882ms behind, skipping 157 tick(s)
[20:42:19] [Server thread/WARN]: Can't keep up! Did the system time change, or is the server overloaded? Running 2332ms behind, skipping 46 tick(s)
[20:45:02] [Server thread/WARN]: kev-kun moved too quickly! -6.183740979569848,0.0,-8.813700339140269
[20:52:13] [Server thread/INFO]: fierceseraph[/173.59.8.177:53742] logged in with entity id 194652 at (361.5, 69.0, 222.5)
[20:52:13] [Server thread/INFO]: fierceseraph joined the game
[20:52:26] [Server thread/INFO]: [kev-kun: Set the world spawn point to (364, 71, 205)]
[20:52:38] [Server thread/INFO]: [kev-kun: Set the time to 500]
[20:56:34] [Server thread/INFO]: fierceseraph has made the advancement [Acquire Hardware]
[20:56:34] [Server thread/INFO]: fierceseraph has made the advancement [Suit Up]
[20:58:25] [Server thread/INFO]: kev-kun has made the advancement [Monster Hunter]
[20:58:28] [Server thread/INFO]: fierceseraph has made the advancement [Monster Hunter]
[21:01:04] [Server thread/INFO]: [kev-kun: Set own game mode to Survival Mode]
[21:01:09] [Server thread/WARN]: Player fierceseraph just tried to change non-editable sign
[21:01:12] [Server thread/WARN]: Player fierceseraph just tried to change non-editable sign
[21:01:35] [Server thread/INFO]: fierceseraph fell from a high place
[21:02:01] [Server thread/INFO]: [kev-kun: Set the world spawn point to (364, 71, 210)]
[21:02:48] [Server thread/INFO]: kev-kun fell from a high place
[21:03:15] [Server thread/INFO]: [kev-kun: Set the time to 600]
[21:03:38] [Server thread/INFO]: [kev-kun: Set own game mode to Creative Mode]
[21:03:50] [Server thread/INFO]: [kev-kun: Set the world spawn point to (365, 98, 199)]
[21:03:56] [Server thread/INFO]: [kev-kun: Set own game mode to Survival Mode]
[21:03:59] [Server thread/INFO]: kev-kun fell from a high place
[21:13:25] [Server thread/INFO]: kev-kun has made the advancement [A Seedy Place]
[21:14:17] [Server thread/INFO]: [kev-kun: Set own game mode to Creative Mode]
[21:16:08] [Server thread/INFO]: fierceseraph lost connection: Disconnected
[21:16:08] [Server thread/INFO]: fierceseraph left the game
[21:17:02] [Server thread/INFO]: fierceseraph[/173.59.8.177:54101] logged in with entity id 224513 at (403.13749998807907, 85.5625, 150.64435605984536)
[21:17:02] [Server thread/INFO]: fierceseraph joined the game
[21:17:24] [Server thread/INFO]: kev-kun has made the advancement [Sweet dreams]
[21:20:22] [Server thread/INFO]: <fierceseraph> be back after dinner
[21:20:23] [Server thread/INFO]: Kero_One[/107.15.217.64:50701] logged in with entity id 229044 at (365.5, 86.0, 204.5)
[21:20:23] [Server thread/INFO]: Kero_One joined the game
[21:20:26] [Server thread/INFO]: fierceseraph lost connection: Internal Exception: io.netty.channel.unix.Errors$NativeIoException: syscall:read(..) failed: Connection reset by peer
[21:20:26] [Server thread/INFO]: fierceseraph left the game
[21:23:54] [Server thread/INFO]: Kero_One has made the advancement [Monster Hunter]
[21:24:00] [Server thread/INFO]: kev-kun has made the advancement [Stone Age]
[21:24:23] [Server thread/INFO]: [kev-kun: Given 300 experience to Kero_One]
[21:26:52] [Server thread/INFO]: [kev-kun: Set own game mode to Survival Mode]
[21:28:21] [Server thread/INFO]: fierceseraph[/173.59.8.177:54380] logged in with entity id 240032 at (399.91615896288175, 85.0, 150.11281108037292)
[21:28:21] [Server thread/INFO]: fierceseraph joined the game
[21:29:23] [Server thread/INFO]: fierceseraph has made the advancement [Sweet dreams]
[21:29:49] [Server thread/WARN]: kev-kun moved wrongly!
[21:29:49] [Server thread/WARN]: fierceseraph moved wrongly!
[21:32:15] [Server thread/INFO]: [kev-kun: Set own game mode to Creative Mode]
[21:32:35] [Server thread/INFO]: fierceseraph lost connection: Disconnected
[21:32:35] [Server thread/INFO]: fierceseraph left the game
[21:38:14] [Server thread/INFO]: kev-kun has made the advancement [Stalk Market]
[21:38:35] [Server thread/INFO]: [kev-kun: Set own game mode to Survival Mode]
[21:41:54] [Server thread/INFO]: Kero_One has made the advancement [Sweet dreams]
[21:41:59] [Server thread/WARN]: Kero_One moved wrongly!
[21:53:03] [Server thread/WARN]: Kero_One moved wrongly!
[21:53:28] [Server thread/INFO]: [kev-kun: Given 50 experience to kev-kun]
[21:58:19] [Server thread/INFO]: kev-kun lost connection: Disconnected
[21:58:19] [Server thread/INFO]: kev-kun left the game
[21:58:28] [Server thread/INFO]: Kero_One lost connection: Disconnected
[21:58:28] [Server thread/INFO]: Kero_One left the game
